<?xml version="1.0" encoding="UTF-8"?>
<testng-results ignored="0" total="2" passed="2" failed="0" skipped="0">
  <reporter-output>
  </reporter-output>
  <suite started-at="2023-09-22T14:36:37 IST" name="Default Suite" finished-at="2023-09-22T14:36:37 IST" duration-ms="36">
    <groups>
    </groups>
    <test started-at="2023-09-22T14:36:37 IST" name="TestNG_maven" finished-at="2023-09-22T14:36:37 IST" duration-ms="36">
      <class name="Day1.testng_demo">
        <test-method is-config="true" signature="setup()[pri:0, instance:Day1.testng_demo@5ea434c8]" started-at="2023-09-22T14:36:37 IST" name="setup" finished-at="2023-09-22T14:36:37 IST" duration-ms="6" status="PASS">
          <reporter-output>
          </reporter-output>
        </test-method> <!-- setup -->
        <test-method signature="setup()[pri:0, instance:Day1.testng_demo@5ea434c8]" started-at="2023-09-22T14:36:37 IST" name="setup" finished-at="2023-09-22T14:36:37 IST" duration-ms="1" status="PASS">
          <reporter-output>
          </reporter-output>
        </test-method> <!-- setup -->
        <test-method signature="testsetup()[pri:0, instance:Day1.testng_demo@5ea434c8]" started-at="2023-09-22T14:36:37 IST" name="testsetup" finished-at="2023-09-22T14:36:37 IST" duration-ms="0" status="PASS">
          <reporter-output>
          </reporter-output>
        </test-method> <!-- testsetup -->
      </class> <!-- Day1.testng_demo -->
    </test> <!-- TestNG_maven -->
  </suite> <!-- Default Suite -->
</testng-results>
