<?xml version="1.0" encoding="UTF-8"?>
<testng-results ignored="0" total="3" passed="3" failed="0" skipped="0">
  <reporter-output>
  </reporter-output>
  <suite started-at="2023-10-03T12:26:52 IST" name="All Test Suite" finished-at="2023-10-03T12:28:15 IST" duration-ms="83671">
    <groups>
    </groups>
    <test started-at="2023-10-03T12:26:52 IST" name="test1" finished-at="2023-10-03T12:27:19 IST" duration-ms="27838">
      <class name="Day2.jenkinsProject">
        <test-method is-config="true" signature="setup()[pri:0, instance:Day2.jenkinsProject@7714e963]" started-at="2023-10-03T12:26:52 IST" name="setup" finished-at="2023-10-03T12:26:55 IST" duration-ms="3132" status="PASS">
          <reporter-output>
          </reporter-output>
        </test-method> <!-- setup -->
        <test-method signature="SearchTest()[pri:0, instance:Day2.jenkinsProject@7714e963]" started-at="2023-10-03T12:26:55 IST" name="SearchTest" finished-at="2023-10-03T12:27:16 IST" duration-ms="21593" status="PASS">
          <reporter-output>
          </reporter-output>
        </test-method> <!-- SearchTest -->
        <test-method is-config="true" signature="teardown()[pri:0, instance:Day2.jenkinsProject@7714e963]" started-at="2023-10-03T12:27:16 IST" name="teardown" finished-at="2023-10-03T12:27:19 IST" duration-ms="3076" status="PASS">
          <reporter-output>
          </reporter-output>
        </test-method> <!-- teardown -->
      </class> <!-- Day2.jenkinsProject -->
    </test> <!-- test1 -->
    <test started-at="2023-10-03T12:27:20 IST" name="test2" finished-at="2023-10-03T12:27:44 IST" duration-ms="24262">
      <class name="Day2.mavenJenkins">
        <test-method is-config="true" signature="setup()[pri:0, instance:Day2.mavenJenkins@223d2c72]" started-at="2023-10-03T12:27:20 IST" name="setup" finished-at="2023-10-03T12:27:21 IST" duration-ms="1348" status="PASS">
          <reporter-output>
          </reporter-output>
        </test-method> <!-- setup -->
        <test-method signature="verifySearchTest()[pri:0, instance:Day2.mavenJenkins@223d2c72]" started-at="2023-10-03T12:27:21 IST" name="verifySearchTest" finished-at="2023-10-03T12:27:41 IST" duration-ms="19794" status="PASS">
          <reporter-output>
          </reporter-output>
        </test-method> <!-- verifySearchTest -->
        <test-method is-config="true" signature="teardown()[pri:0, instance:Day2.mavenJenkins@223d2c72]" started-at="2023-10-03T12:27:41 IST" name="teardown" finished-at="2023-10-03T12:27:44 IST" duration-ms="3118" status="PASS">
          <reporter-output>
          </reporter-output>
        </test-method> <!-- teardown -->
      </class> <!-- Day2.mavenJenkins -->
    </test> <!-- test2 -->
    <test started-at="2023-10-03T12:27:44 IST" name="test3" finished-at="2023-10-03T12:28:15 IST" duration-ms="31524">
      <class name="Day2.testngDemo">
        <test-method is-config="true" signature="setup()[pri:0, instance:Day2.testngDemo@3febb011]" started-at="2023-10-03T12:27:44 IST" name="setup" finished-at="2023-10-03T12:27:46 IST" duration-ms="1747" status="PASS">
          <reporter-output>
          </reporter-output>
        </test-method> <!-- setup -->
        <test-method signature="testDemo()[pri:0, instance:Day2.testngDemo@3febb011]" started-at="2023-10-03T12:27:46 IST" name="testDemo" finished-at="2023-10-03T12:28:12 IST" duration-ms="26710" status="PASS">
          <reporter-output>
          </reporter-output>
        </test-method> <!-- testDemo -->
        <test-method is-config="true" signature="teardown()[pri:0, instance:Day2.testngDemo@3febb011]" started-at="2023-10-03T12:28:12 IST" name="teardown" finished-at="2023-10-03T12:28:15 IST" duration-ms="3063" status="PASS">
          <reporter-output>
          </reporter-output>
        </test-method> <!-- teardown -->
      </class> <!-- Day2.testngDemo -->
    </test> <!-- test3 -->
  </suite> <!-- All Test Suite -->
</testng-results>
